#
# There is insufficient memory for the Java Runtime Environment to continue.
# Native memory allocation (malloc) failed to allocate 1048576 bytes. Error detail: AllocateHeap
# Possible reasons:
#   The system is out of physical RAM or swap space
#   This process is running with CompressedOops enabled, and the Java Heap may be blocking the growth of the native heap
# Possible solutions:
#   Reduce memory load on the system
#   Increase physical memory or swap space
#   Check if swap backing store is full
#   Decrease Java heap size (-Xmx/-Xms)
#   Decrease number of Java threads
#   Decrease Java thread stack sizes (-Xss)
#   Set larger code cache with -XX:ReservedCodeCacheSize=
#   JVM is running with Unscaled Compressed Oops mode in which the Java heap is
#     placed in the first 4GB address space. The Java Heap base address is the
#     maximum limit for the native heap growth. Please use -XX:HeapBaseMinAddress
#     to set the Java Heap base and to place the Java Heap above 4GB virtual address.
# This output file may be truncated or incomplete.
#
#  Out of Memory Error (allocation.cpp:44), pid=10288, tid=10144
#
# JRE version: OpenJDK Runtime Environment Temurin-21.0.9+10 (21.0.9+10) (build 21.0.9+10-LTS)
# Java VM: OpenJDK 64-Bit Server VM Temurin-21.0.9+10 (21.0.9+10-LTS, mixed mode, sharing, tiered, compressed oops, compressed class ptrs, parallel gc, windows-amd64)
# No core dump will be written. Minidumps are not enabled by default on client versions of Windows
#

---------------  S U M M A R Y ------------

Command Line: --add-modules=ALL-SYSTEM --add-opens=java.base/java.util=ALL-UNNAMED --add-opens=java.base/java.lang=ALL-UNNAMED --add-opens=java.base/sun.nio.fs=ALL-UNNAMED -Declipse.application=org.eclipse.jdt.ls.core.id1 -Dosgi.bundles.defaultStartLevel=4 -Declipse.product=org.eclipse.jdt.ls.core.product -Djava.import.generatesMetadataFilesAtProjectRoot=false -DDetectVMInstallationsJob.disabled=true -Dfile.encoding=utf8 -XX:+UseParallelGC -XX:GCTimeRatio=4 -XX:AdaptiveSizePolicyWeight=90 -Dsun.zip.disableMemoryMapping=true -Xmx2G -Xms100m -Xlog:disable -javaagent:c:\Users\Lenovo\.vscode\extensions\redhat.java-1.50.0-win32-x64\lombok\lombok-1.18.39-4050.jar -XX:+HeapDumpOnOutOfMemoryError -XX:HeapDumpPath=c:\Users\Lenovo\AppData\Roaming\Code\User\workspaceStorage\16f0f6972973bb37bae18bf337a635ed\redhat.java -Daether.dependencyCollector.impl=bf c:\Users\Lenovo\.vscode\extensions\redhat.java-1.50.0-win32-x64\server\plugins\org.eclipse.equinox.launcher_1.7.100.v20251111-0406.jar -configuration c:\Users\Lenovo\AppData\Roaming\Code\User\globalStorage\redhat.java\1.50.0\config_win -data c:\Users\Lenovo\AppData\Roaming\Code\User\workspaceStorage\16f0f6972973bb37bae18bf337a635ed\redhat.java\jdt_ws --pipe=\\.\pipe\lsp-7215a1b59a82289a4aea57c35d832836-sock

Host: Intel(R) Core(TM) i7-7700HQ CPU @ 2.80GHz, 8 cores, 15G,  Windows 10 , 64 bit Build 19041 (10.0.19041.5915)
Time: Tue Dec 23 23:39:07 2025 SE Asia Standard Time elapsed time: 7666.691292 seconds (0d 2h 7m 46s)

---------------  T H R E A D  ---------------

Current thread (0x00000290e1d04360):  JavaThread "Attach Listener" daemon [_thread_in_vm, id=10144, stack(0x000000bf9f800000,0x000000bf9f900000) (1024K)]

Stack: [0x000000bf9f800000,0x000000bf9f900000]
Native frames: (J=compiled Java code, j=interpreted, Vv=VM code, C=native code)
V  [jvm.dll+0x6d6e29]
V  [jvm.dll+0x8b4b76]
V  [jvm.dll+0x8b712e]
V  [jvm.dll+0x8b7813]
V  [jvm.dll+0x283d86]
V  [jvm.dll+0xc1277]
V  [jvm.dll+0x6d76d9]
V  [jvm.dll+0x133466]
V  [jvm.dll+0x3f7ea6]
V  [jvm.dll+0x85e9ad]
V  [jvm.dll+0x6d565d]
C  [ucrtbase.dll+0x21bb2]
C  [KERNEL32.DLL+0x17374]
C  [ntdll.dll+0x4cc91]


---------------  P R O C E S S  ---------------

Threads class SMR info:
_java_thread_list=0x00000290ffb36bb0, length=47, elements={
0x00000290e1d92760, 0x00000290e1cfead0, 0x00000290e1d008e0, 0x00000290e1d03450,
0x00000290e1d04360, 0x00000290e1d063a0, 0x00000290e1d08e00, 0x00000290e1d09c30,
0x00000290e1d4d600, 0x00000290fa1a9a40, 0x00000290fa32ba80, 0x00000290ff0f5160,
0x00000290ff117e80, 0x00000290fa7578c0, 0x00000290fa850300, 0x00000290fa7980a0,
0x00000290fa7ae280, 0x00000290ff48e9c0, 0x00000290ff48fd70, 0x00000290ff490a90,
0x00000290ff48f050, 0x00000290c2e11ab0, 0x00000290c2e148a0, 0x00000290c2e14210,
0x00000290c2e10d90, 0x00000290c2e11420, 0x00000290c2e0f350, 0x00000290c2e0d910,
0x00000290c2e12140, 0x00000290c2e12e60, 0x00000290c2e10070, 0x00000290c2e0f9e0,
0x00000290c2a46160, 0x00000290c2a43370, 0x00000290fa58d2b0, 0x00000290fa58fa10,
0x00000290fa58dfd0, 0x00000290fa588a80, 0x00000290fa58a4c0, 0x00000290fa5897a0,
0x00000290fa58ab50, 0x00000290fa58b870, 0x00000290fa589e30, 0x00000290fa58bf00,
0x00000290c2a3fef0, 0x00000290c2a40580, 0x00000290c2a40c10
}

Java Threads: ( => current thread )
  0x00000290e1d92760 JavaThread "main"                              [_thread_blocked, id=11120, stack(0x000000bf9f100000,0x000000bf9f200000) (1024K)]
  0x00000290e1cfead0 JavaThread "Reference Handler"          daemon [_thread_blocked, id=1532, stack(0x000000bf9f500000,0x000000bf9f600000) (1024K)]
  0x00000290e1d008e0 JavaThread "Finalizer"                  daemon [_thread_blocked, id=7796, stack(0x000000bf9f600000,0x000000bf9f700000) (1024K)]
  0x00000290e1d03450 JavaThread "Signal Dispatcher"          daemon [_thread_blocked, id=5524, stack(0x000000bf9f700000,0x000000bf9f800000) (1024K)]
=>0x00000290e1d04360 JavaThread "Attach Listener"            daemon [_thread_in_vm, id=10144, stack(0x000000bf9f800000,0x000000bf9f900000) (1024K)]
  0x00000290e1d063a0 JavaThread "Service Thread"             daemon [_thread_blocked, id=6588, stack(0x000000bf9f900000,0x000000bf9fa00000) (1024K)]
  0x00000290e1d08e00 JavaThread "Monitor Deflation Thread"   daemon [_thread_blocked, id=2072, stack(0x000000bf9fa00000,0x000000bf9fb00000) (1024K)]
  0x00000290e1d09c30 JavaThread "C2 CompilerThread0"         daemon [_thread_blocked, id=4648, stack(0x000000bf9fb00000,0x000000bf9fc00000) (1024K)]
  0x00000290e1d4d600 JavaThread "C1 CompilerThread0"         daemon [_thread_blocked, id=12296, stack(0x000000bf9fc00000,0x000000bf9fd00000) (1024K)]
  0x00000290fa1a9a40 JavaThread "Common-Cleaner"             daemon [_thread_blocked, id=7544, stack(0x000000bf9fe00000,0x000000bf9ff00000) (1024K)]
  0x00000290fa32ba80 JavaThread "Notification Thread"        daemon [_thread_blocked, id=12820, stack(0x000000bf9fd00000,0x000000bf9fe00000) (1024K)]
  0x00000290ff0f5160 JavaThread "Active Thread: Equinox Container: 90eb3976-7c93-4ddb-9424-d9c277b1b5ed"        [_thread_blocked, id=3768, stack(0x000000bfa0700000,0x000000bfa0800000) (1024K)]
  0x00000290ff117e80 JavaThread "Refresh Thread: Equinox Container: 90eb3976-7c93-4ddb-9424-d9c277b1b5ed" daemon [_thread_blocked, id=3728, stack(0x000000bf9ff00000,0x000000bfa0000000) (1024K)]
  0x00000290fa7578c0 JavaThread "Framework Event Dispatcher: Equinox Container: 90eb3976-7c93-4ddb-9424-d9c277b1b5ed" daemon [_thread_blocked, id=6264, stack(0x000000bfa0800000,0x000000bfa0900000) (1024K)]
  0x00000290fa850300 JavaThread "Start Level: Equinox Container: 90eb3976-7c93-4ddb-9424-d9c277b1b5ed" daemon [_thread_blocked, id=5048, stack(0x000000bfa0900000,0x000000bfa0a00000) (1024K)]
  0x00000290fa7980a0 JavaThread "Bundle File Closer"         daemon [_thread_blocked, id=13008, stack(0x000000bfa0b00000,0x000000bfa0c00000) (1024K)]
  0x00000290fa7ae280 JavaThread "SCR Component Actor"        daemon [_thread_blocked, id=12516, stack(0x000000bfa0a00000,0x000000bfa0b00000) (1024K)]
  0x00000290ff48e9c0 JavaThread "Worker-JM"                         [_thread_blocked, id=7160, stack(0x000000bfa0e00000,0x000000bfa0f00000) (1024K)]
  0x00000290ff48fd70 JavaThread "JNA Cleaner"                daemon [_thread_blocked, id=6868, stack(0x000000bfa0c00000,0x000000bfa0d00000) (1024K)]
  0x00000290ff490a90 JavaThread "Java indexing"              daemon [_thread_blocked, id=1268, stack(0x000000bfa1100000,0x000000bfa1200000) (1024K)]
  0x00000290ff48f050 JavaThread "Thread-1"                   daemon [_thread_in_native, id=1720, stack(0x000000bfa1700000,0x000000bfa1800000) (1024K)]
  0x00000290c2e11ab0 JavaThread "Thread-2"                   daemon [_thread_in_native, id=11724, stack(0x000000bfa1800000,0x000000bfa1900000) (1024K)]
  0x00000290c2e148a0 JavaThread "Thread-3"                   daemon [_thread_in_native, id=1644, stack(0x000000bfa1900000,0x000000bfa1a00000) (1024K)]
  0x00000290c2e14210 JavaThread "Thread-4"                   daemon [_thread_in_native, id=2080, stack(0x000000bfa1a00000,0x000000bfa1b00000) (1024K)]
  0x00000290c2e10d90 JavaThread "Thread-5"                   daemon [_thread_in_native, id=12780, stack(0x000000bfa1b00000,0x000000bfa1c00000) (1024K)]
  0x00000290c2e11420 JavaThread "Thread-6"                   daemon [_thread_in_native, id=11312, stack(0x000000bfa1c00000,0x000000bfa1d00000) (1024K)]
  0x00000290c2e0f350 JavaThread "Thread-7"                   daemon [_thread_in_native, id=9696, stack(0x000000bfa1d00000,0x000000bfa1e00000) (1024K)]
  0x00000290c2e0d910 JavaThread "Thread-8"                   daemon [_thread_in_native, id=12096, stack(0x000000bfa1e00000,0x000000bfa1f00000) (1024K)]
  0x00000290c2e12140 JavaThread "Thread-9"                   daemon [_thread_in_native, id=656, stack(0x000000bfa1f00000,0x000000bfa2000000) (1024K)]
  0x00000290c2e12e60 JavaThread "pool-2-thread-1"                   [_thread_blocked, id=11432, stack(0x000000bfa2000000,0x000000bfa2100000) (1024K)]
  0x00000290c2e10070 JavaThread "WorkspaceEventsHandler"            [_thread_blocked, id=13084, stack(0x000000bfa2100000,0x000000bfa2200000) (1024K)]
  0x00000290c2e0f9e0 JavaThread "pool-1-thread-1"                   [_thread_blocked, id=9832, stack(0x000000bfa2200000,0x000000bfa2300000) (1024K)]
  0x00000290c2a46160 JavaThread "HttpClient-1-SelectorManager" daemon [_thread_in_native, id=10052, stack(0x000000bfa1400000,0x000000bfa1500000) (1024K)]
  0x00000290c2a43370 JavaThread "Cleaner-0"                  daemon [_thread_blocked, id=12960, stack(0x000000bfa1600000,0x000000bfa1700000) (1024K)]
  0x00000290fa58d2b0 JavaThread "ForkJoinPool.commonPool-worker-34" daemon [_thread_blocked, id=14268, stack(0x000000bfa0d00000,0x000000bfa0e00000) (1024K)]
  0x00000290fa58fa10 JavaThread "ForkJoinPool.commonPool-worker-35" daemon [_thread_blocked, id=8348, stack(0x000000bfa0f00000,0x000000bfa1000000) (1024K)]
  0x00000290fa58dfd0 JavaThread "ForkJoinPool.commonPool-worker-36" daemon [_thread_blocked, id=6924, stack(0x000000bfa1000000,0x000000bfa1100000) (1024K)]
  0x00000290fa588a80 JavaThread "ForkJoinPool.commonPool-worker-37" daemon [_thread_blocked, id=5704, stack(0x000000bfa1200000,0x000000bfa1300000) (1024K)]
  0x00000290fa58a4c0 JavaThread "ForkJoinPool.commonPool-worker-38" daemon [_thread_blocked, id=3424, stack(0x000000bfa1300000,0x000000bfa1400000) (1024K)]
  0x00000290fa5897a0 JavaThread "Worker-13"                         [_thread_blocked, id=14264, stack(0x000000bf9f000000,0x000000bf9f100000) (1024K)]
  0x00000290fa58ab50 JavaThread "ForkJoinPool.commonPool-worker-39" daemon [_thread_blocked, id=4636, stack(0x000000bfa2300000,0x000000bfa2400000) (1024K)]
  0x00000290fa58b870 JavaThread "Worker-14"                         [_thread_blocked, id=1700, stack(0x000000bfa1500000,0x000000bfa1600000) (1024K)]
  0x00000290fa589e30 JavaThread "Compiler Source File Reader" daemon [_thread_blocked, id=4220, stack(0x000000bfa2400000,0x000000bfa2500000) (1024K)]
  0x00000290fa58bf00 JavaThread "Compiler Source File Reader" daemon [_thread_blocked, id=9380, stack(0x000000bfa2700000,0x000000bfa2800000) (1024K)]
  0x00000290c2a3fef0 JavaThread "Compiler Source File Reader" daemon [_thread_blocked, id=14116, stack(0x000000bfa2a00000,0x000000bfa2b00000) (1024K)]
  0x00000290c2a40580 JavaThread "Compiler Source File Reader" daemon [_thread_blocked, id=17320, stack(0x000000bfa2b00000,0x000000bfa2c00000) (1024K)]
  0x00000290c2a40c10 JavaThread "Compiler Source File Reader" daemon [_thread_blocked, id=13532, stack(0x000000bfa2600000,0x000000bfa2700000) (1024K)]
Total: 47

Other Threads:
  0x00000290e1cf14f0 VMThread "VM Thread"                           [id=1964, stack(0x000000bf9f400000,0x000000bf9f500000) (1024K)]
  0x00000290e1dfb930 WatcherThread "VM Periodic Task Thread"        [id=11968, stack(0x000000bf9f300000,0x000000bf9f400000) (1024K)]
  0x00000290e1daf420 WorkerThread "GC Thread#0"                     [id=13216, stack(0x000000bf9f200000,0x000000bf9f300000) (1024K)]
  0x00000290fa3816f0 WorkerThread "GC Thread#1"                     [id=7352, stack(0x000000bfa0100000,0x000000bfa0200000) (1024K)]
  0x00000290fa382cb0 WorkerThread "GC Thread#2"                     [id=8424, stack(0x000000bfa0200000,0x000000bfa0300000) (1024K)]
  0x00000290fa381a90 WorkerThread "GC Thread#3"                     [id=13080, stack(0x000000bfa0300000,0x000000bfa0400000) (1024K)]
  0x00000290fa382570 WorkerThread "GC Thread#4"                     [id=5460, stack(0x000000bfa0400000,0x000000bfa0500000) (1024K)]
  0x00000290fa382910 WorkerThread "GC Thread#5"                     [id=12308, stack(0x000000bfa0500000,0x000000bfa0600000) (1024K)]
  0x00000290fa383050 WorkerThread "GC Thread#6"                     [id=8384, stack(0x000000bfa0600000,0x000000bfa0700000) (1024K)]
  0x00000290fa3821d0 WorkerThread "GC Thread#7"                     [id=10316, stack(0x000000bfa0000000,0x000000bfa0100000) (1024K)]
Total: 10

Threads with active compile tasks:
Total: 0

VM state: not at safepoint (normal execution)

VM Mutex/Monitor currently owned by a thread: None

Heap address: 0x0000000080000000, size: 2048 MB, Compressed Oops mode: 32-bit

CDS archive(s) mapped at: [0x0000029080000000-0x0000029080ba0000-0x0000029080ba0000), size 12189696, SharedBaseAddress: 0x0000029080000000, ArchiveRelocationMode: 1.
Compressed class space mapped at: 0x0000029081000000-0x00000290c1000000, reserved size: 1073741824
Narrow klass base: 0x0000029080000000, Narrow klass shift: 0, Narrow klass range: 0x100000000

GC Precious Log:
 CardTable entry size: 512
 CPUs: 8 total, 8 available
 Memory: 16207M
 Large Page Support: Disabled
 NUMA Support: Disabled
 Compressed Oops: Enabled (32-bit)
 Alignments: Space 512K, Generation 512K, Heap 2M
 Heap Min Capacity: 100M
 Heap Initial Capacity: 100M
 Heap Max Capacity: 2G
 Pre-touch: Disabled
 Parallel Workers: 8

Heap:
 PSYoungGen      total 5632K, used 2735K [0x00000000d5580000, 0x00000000d5d80000, 0x0000000100000000)
  eden space 5120K, 45% used [0x00000000d5580000,0x00000000d57c3ec0,0x00000000d5a80000)
  from space 512K, 81% used [0x00000000d5d00000,0x00000000d5d68000,0x00000000d5d80000)
  to   space 1024K, 0% used [0x00000000d5b80000,0x00000000d5b80000,0x00000000d5c80000)
 ParOldGen       total 1028096K, used 1028024K [0x0000000080000000, 0x00000000bec00000, 0x00000000d5580000)
  object space 1028096K, 99% used [0x0000000080000000,0x00000000bebee310,0x00000000bec00000)
 Metaspace       used 87327K, committed 89024K, reserved 1179648K
  class space    used 9033K, committed 9728K, reserved 1048576K

Card table byte_map: [0x00000290e1740000,0x00000290e1b50000] _byte_map_base: 0x00000290e1340000

Marking Bits: (ParMarkBitMap*) 0x00007fff289d2460
 Begin Bits: [0x00000290f4250000, 0x00000290f6250000)
 End Bits:   [0x00000290f6250000, 0x00000290f8250000)

Polling page: 0x00000290dfd50000

Metaspace:

Usage:
  Non-class:     76.46 MB used.
      Class:      8.82 MB used.
       Both:     85.28 MB used.

Virtual space:
  Non-class space:      128.00 MB reserved,      77.44 MB ( 60%) committed,  2 nodes.
      Class space:        1.00 GB reserved,       9.50 MB ( <1%) committed,  1 nodes.
             Both:        1.12 GB reserved,      86.94 MB (  8%) committed. 

Chunk freelists:
   Non-Class:  2.02 MB
       Class:  6.39 MB
        Both:  8.41 MB

MaxMetaspaceSize: unlimited
CompressedClassSpaceSize: 1.00 GB
Initial GC threshold: 21.00 MB
Current GC threshold: 97.31 MB
CDS: on
 - commit_granule_bytes: 65536.
 - commit_granule_words: 8192.
 - virtual_space_node_default_size: 8388608.
 - enlarge_chunks_in_place: 1.
 - use_allocation_guard: 0.


Internal statistics:

num_allocs_failed_limit: 9.
num_arena_births: 1540.
num_arena_deaths: 22.
num_vsnodes_births: 3.
num_vsnodes_deaths: 0.
num_space_committed: 1391.
num_space_uncommitted: 0.
num_chunks_returned_to_freelist: 35.
num_chunks_taken_from_freelist: 5607.
num_chunk_merges: 17.
num_chunk_splits: 3439.
num_chunks_enlarged: 1956.
num_inconsistent_stats: 0.

CodeHeap 'non-profiled nmethods': size=120000Kb used=19282Kb max_used=19282Kb free=100717Kb
 bounds [0x00000290eca70000, 0x00000290edd50000, 0x00000290f3fa0000]
CodeHeap 'profiled nmethods': size=120000Kb used=45646Kb max_used=45646Kb free=74353Kb
 bounds [0x00000290e4fa0000, 0x00000290e7c40000, 0x00000290ec4d0000]
CodeHeap 'non-nmethods': size=5760Kb used=1514Kb max_used=1625Kb free=4245Kb
 bounds [0x00000290ec4d0000, 0x00000290ec740000, 0x00000290eca70000]
CodeCache: size=245760Kb, used=66442Kb, max_used=66553Kb, free=179315Kb
 total_blobs=19293, nmethods=18457, adapters=739, full_count=0
Compilation: enabled, stopped_count=0, restarted_count=0

Compilation events (20 events):
Event: 7553.967 Thread 0x00000290e1d4d600 nmethod 19220 0x00000290e7c2c790 code [0x00000290e7c2cb20, 0x00000290e7c2e780]
Event: 7553.967 Thread 0x00000290e1d4d600 19223       3       java.lang.Runtime$Version::compareVersion (98 bytes)
Event: 7553.968 Thread 0x00000290e1d4d600 nmethod 19223 0x00000290e7c2f210 code [0x00000290e7c2f440, 0x00000290e7c2fcd0]
Event: 7553.968 Thread 0x00000290e1d4d600 19221       3       org.eclipse.jdt.internal.compiler.parser.Parser::goForCompilationUnit (24 bytes)
Event: 7553.968 Thread 0x00000290e1d4d600 nmethod 19221 0x00000290e7c30010 code [0x00000290e7c301a0, 0x00000290e7c302e8]
Event: 7553.968 Thread 0x00000290e1d4d600 19222       3       java.lang.Runtime$Version::compare (60 bytes)
Event: 7553.968 Thread 0x00000290e1d4d600 nmethod 19222 0x00000290e7c30390 code [0x00000290e7c305a0, 0x00000290e7c30a20]
Event: 7553.969 Thread 0x00000290e1d09c30 nmethod 19224% 0x00000290edd43c10 code [0x00000290edd43da0, 0x00000290edd43f78]
Event: 7553.969 Thread 0x00000290e1d09c30 19226  s!   4       org.eclipse.jdt.internal.core.index.DiskIndex::readDocumentNumbers (163 bytes)
Event: 7553.970 Thread 0x00000290e1d09c30 nmethod 19226 0x00000290edd44010 code [0x00000290edd441a0, 0x00000290edd443b8]
Event: 7554.074 Thread 0x00000290e1d4d600 19227       3       java.lang.Math::multiplyHigh (86 bytes)
Event: 7554.074 Thread 0x00000290e1d4d600 nmethod 19227 0x00000290e7c30b90 code [0x00000290e7c30d20, 0x00000290e7c30e88]
Event: 7554.075 Thread 0x00000290e1d4d600 19228 %     3       org.eclipse.core.filesystem.provider.FileStore::childStores @ 20 (47 bytes)
Event: 7554.075 Thread 0x00000290e1d4d600 nmethod 19228% 0x00000290e7c30f10 code [0x00000290e7c31100, 0x00000290e7c31768]
Event: 7554.100 Thread 0x00000290e1d09c30 19229       4       org.eclipse.jdt.ls.core.internal.handlers.ProgressReporterManager$ProgressReporter::worked (15 bytes)
Event: 7554.102 Thread 0x00000290e1d09c30 nmethod 19229 0x00000290edd44490 code [0x00000290edd44640, 0x00000290edd44928]
Event: 7554.131 Thread 0x00000290e1d4d600 19230       3       org.eclipse.jface.text.GapTextStore::gapSize (10 bytes)
Event: 7554.131 Thread 0x00000290e1d4d600 nmethod 19230 0x00000290e7c31a10 code [0x00000290e7c31ba0, 0x00000290e7c31cb0]
Event: 7554.131 Thread 0x00000290e1d4d600 19231       3       org.eclipse.jface.text.ListLineTracker::createLines (261 bytes)
Event: 7554.132 Thread 0x00000290e1d4d600 nmethod 19231 0x00000290e7c31d90 code [0x00000290e7c32080, 0x00000290e7c332a8]

GC Heap History (20 events):
Event: 7553.870 GC heap before
{Heap before GC invocations=818 (full 3):
 PSYoungGen      total 14336K, used 14072K [0x00000000d5580000, 0x00000000d6d00000, 0x0000000100000000)
  eden space 7680K, 100% used [0x00000000d5580000,0x00000000d5d00000,0x00000000d5d00000)
  from space 6656K, 96% used [0x00000000d6680000,0x00000000d6cbe000,0x00000000d6d00000)
  to   space 7680K, 0% used [0x00000000d5e00000,0x00000000d5e00000,0x00000000d6580000)
 ParOldGen       total 970240K, used 970073K [0x0000000080000000, 0x00000000bb380000, 0x00000000d5580000)
  object space 970240K, 99% used [0x0000000080000000,0x00000000bb356450,0x00000000bb380000)
 Metaspace       used 87300K, committed 89024K, reserved 1179648K
  class space    used 9033K, committed 9728K, reserved 1048576K
}
Event: 7553.876 GC heap after
{Heap after GC invocations=818 (full 3):
 PSYoungGen      total 14848K, used 7001K [0x00000000d5580000, 0x00000000d6b00000, 0x0000000100000000)
  eden space 7680K, 0% used [0x00000000d5580000,0x00000000d5580000,0x00000000d5d00000)
  from space 7168K, 97% used [0x00000000d5e00000,0x00000000d64d6630,0x00000000d6500000)
  to   space 6144K, 0% used [0x00000000d6500000,0x00000000d6500000,0x00000000d6b00000)
 ParOldGen       total 975872K, used 975689K [0x0000000080000000, 0x00000000bb900000, 0x00000000d5580000)
  object space 975872K, 99% used [0x0000000080000000,0x00000000bb8d2450,0x00000000bb900000)
 Metaspace       used 87300K, committed 89024K, reserved 1179648K
  class space    used 9033K, committed 9728K, reserved 1048576K
}
Event: 7553.887 GC heap before
{Heap before GC invocations=819 (full 3):
 PSYoungGen      total 14848K, used 14676K [0x00000000d5580000, 0x00000000d6b00000, 0x0000000100000000)
  eden space 7680K, 99% used [0x00000000d5580000,0x00000000d5cfe9f8,0x00000000d5d00000)
  from space 7168K, 97% used [0x00000000d5e00000,0x00000000d64d6630,0x00000000d6500000)
  to   space 6144K, 0% used [0x00000000d6500000,0x00000000d6500000,0x00000000d6b00000)
 ParOldGen       total 975872K, used 975689K [0x0000000080000000, 0x00000000bb900000, 0x00000000d5580000)
  object space 975872K, 99% used [0x0000000080000000,0x00000000bb8d2450,0x00000000bb900000)
 Metaspace       used 87302K, committed 89024K, reserved 1179648K
  class space    used 9033K, committed 9728K, reserved 1048576K
}
Event: 7553.894 GC heap after
{Heap after GC invocations=819 (full 3):
 PSYoungGen      total 6656K, used 6143K [0x00000000d5580000, 0x00000000d7b00000, 0x0000000100000000)
  eden space 512K, 0% used [0x00000000d5580000,0x00000000d5580000,0x00000000d5600000)
  from space 6144K, 99% used [0x00000000d6500000,0x00000000d6afff10,0x00000000d6b00000)
  to   space 15360K, 0% used [0x00000000d5600000,0x00000000d5600000,0x00000000d6500000)
 ParOldGen       total 983552K, used 983530K [0x0000000080000000, 0x00000000bc080000, 0x00000000d5580000)
  object space 983552K, 99% used [0x0000000080000000,0x00000000bc07aa80,0x00000000bc080000)
 Metaspace       used 87302K, committed 89024K, reserved 1179648K
  class space    used 9033K, committed 9728K, reserved 1048576K
}
Event: 7553.895 GC heap before
{Heap before GC invocations=820 (full 3):
 PSYoungGen      total 6656K, used 6655K [0x00000000d5580000, 0x00000000d7b00000, 0x0000000100000000)
  eden space 512K, 100% used [0x00000000d5580000,0x00000000d5600000,0x00000000d5600000)
  from space 6144K, 99% used [0x00000000d6500000,0x00000000d6afff10,0x00000000d6b00000)
  to   space 15360K, 0% used [0x00000000d5600000,0x00000000d5600000,0x00000000d6500000)
 ParOldGen       total 983552K, used 983530K [0x0000000080000000, 0x00000000bc080000, 0x00000000d5580000)
  object space 983552K, 99% used [0x0000000080000000,0x00000000bc07aa80,0x00000000bc080000)
 Metaspace       used 87302K, committed 89024K, reserved 1179648K
  class space    used 9033K, committed 9728K, reserved 1048576K
}
Event: 7553.899 GC heap after
{Heap after GC invocations=820 (full 3):
 PSYoungGen      total 1536K, used 523K [0x00000000d5580000, 0x00000000d6580000, 0x0000000100000000)
  eden space 512K, 0% used [0x00000000d5580000,0x00000000d5580000,0x00000000d5600000)
  from space 1024K, 51% used [0x00000000d5600000,0x00000000d5682d40,0x00000000d5700000)
  to   space 5632K, 0% used [0x00000000d6000000,0x00000000d6000000,0x00000000d6580000)
 ParOldGen       total 990208K, used 989719K [0x0000000080000000, 0x00000000bc700000, 0x00000000d5580000)
  object space 990208K, 99% used [0x0000000080000000,0x00000000bc685ec0,0x00000000bc700000)
 Metaspace       used 87302K, committed 89024K, reserved 1179648K
  class space    used 9033K, committed 9728K, reserved 1048576K
}
Event: 7553.901 GC heap before
{Heap before GC invocations=821 (full 3):
 PSYoungGen      total 1536K, used 1003K [0x00000000d5580000, 0x00000000d6580000, 0x0000000100000000)
  eden space 512K, 93% used [0x00000000d5580000,0x00000000d55f8120,0x00000000d5600000)
  from space 1024K, 51% used [0x00000000d5600000,0x00000000d5682d40,0x00000000d5700000)
  to   space 5632K, 0% used [0x00000000d6000000,0x00000000d6000000,0x00000000d6580000)
 ParOldGen       total 991232K, used 990669K [0x0000000080000000, 0x00000000bc800000, 0x00000000d5580000)
  object space 991232K, 99% used [0x0000000080000000,0x00000000bc7736d0,0x00000000bc800000)
 Metaspace       used 87302K, committed 89024K, reserved 1179648K
  class space    used 9033K, committed 9728K, reserved 1048576K
}
Event: 7553.903 GC heap after
{Heap after GC invocations=821 (full 3):
 PSYoungGen      total 2048K, used 595K [0x00000000d5580000, 0x00000000d6100000, 0x0000000100000000)
  eden space 1024K, 0% used [0x00000000d5580000,0x00000000d5580000,0x00000000d5680000)
  from space 1024K, 58% used [0x00000000d6000000,0x00000000d6094d88,0x00000000d6100000)
  to   space 1536K, 0% used [0x00000000d5e00000,0x00000000d5e00000,0x00000000d5f80000)
 ParOldGen       total 991232K, used 991055K [0x0000000080000000, 0x00000000bc800000, 0x00000000d5580000)
  object space 991232K, 99% used [0x0000000080000000,0x00000000bc7d3f30,0x00000000bc800000)
 Metaspace       used 87302K, committed 89024K, reserved 1179648K
  class space    used 9033K, committed 9728K, reserved 1048576K
}
Event: 7553.905 GC heap before
{Heap before GC invocations=822 (full 3):
 PSYoungGen      total 2048K, used 1423K [0x00000000d5580000, 0x00000000d6100000, 0x0000000100000000)
  eden space 1024K, 80% used [0x00000000d5580000,0x00000000d564eef8,0x00000000d5680000)
  from space 1024K, 58% used [0x00000000d6000000,0x00000000d6094d88,0x00000000d6100000)
  to   space 1536K, 0% used [0x00000000d5e00000,0x00000000d5e00000,0x00000000d5f80000)
 ParOldGen       total 991232K, used 991055K [0x0000000080000000, 0x00000000bc800000, 0x00000000d5580000)
  object space 991232K, 99% used [0x0000000080000000,0x00000000bc7d3f30,0x00000000bc800000)
 Metaspace       used 87302K, committed 89024K, reserved 1179648K
  class space    used 9033K, committed 9728K, reserved 1048576K
}
Event: 7553.908 GC heap after
{Heap after GC invocations=822 (full 3):
 PSYoungGen      total 2560K, used 989K [0x00000000d5580000, 0x00000000d6080000, 0x0000000100000000)
  eden space 1536K, 0% used [0x00000000d5580000,0x00000000d5580000,0x00000000d5700000)
  from space 1024K, 96% used [0x00000000d5e00000,0x00000000d5ef75f8,0x00000000d5f00000)
  to   space 1536K, 0% used [0x00000000d5f00000,0x00000000d5f00000,0x00000000d6080000)
 ParOldGen       total 991744K, used 991396K [0x0000000080000000, 0x00000000bc880000, 0x00000000d5580000)
  object space 991744K, 99% used [0x0000000080000000,0x00000000bc8292b8,0x00000000bc880000)
 Metaspace       used 87302K, committed 89024K, reserved 1179648K
  class space    used 9033K, committed 9728K, reserved 1048576K
}
Event: 7553.911 GC heap before
{Heap before GC invocations=823 (full 3):
 PSYoungGen      total 2560K, used 2525K [0x00000000d5580000, 0x00000000d6080000, 0x0000000100000000)
  eden space 1536K, 99% used [0x00000000d5580000,0x00000000d56ffff8,0x00000000d5700000)
  from space 1024K, 96% used [0x00000000d5e00000,0x00000000d5ef75f8,0x00000000d5f00000)
  to   space 1536K, 0% used [0x00000000d5f00000,0x00000000d5f00000,0x00000000d6080000)
 ParOldGen       total 991744K, used 991396K [0x0000000080000000, 0x00000000bc880000, 0x00000000d5580000)
  object space 991744K, 99% used [0x0000000080000000,0x00000000bc8292b8,0x00000000bc880000)
 Metaspace       used 87302K, committed 89024K, reserved 1179648K
  class space    used 9033K, committed 9728K, reserved 1048576K
}
Event: 7553.913 GC heap after
{Heap after GC invocations=823 (full 3):
 PSYoungGen      total 3584K, used 1533K [0x00000000d5580000, 0x00000000d6080000, 0x0000000100000000)
  eden space 2048K, 0% used [0x00000000d5580000,0x00000000d5580000,0x00000000d5780000)
  from space 1536K, 99% used [0x00000000d5f00000,0x00000000d607f768,0x00000000d6080000)
  to   space 2560K, 0% used [0x00000000d5b80000,0x00000000d5b80000,0x00000000d5e00000)
 ParOldGen       total 992256K, used 991964K [0x0000000080000000, 0x00000000bc900000, 0x00000000d5580000)
  object space 992256K, 99% used [0x0000000080000000,0x00000000bc8b70a0,0x00000000bc900000)
 Metaspace       used 87302K, committed 89024K, reserved 1179648K
  class space    used 9033K, committed 9728K, reserved 1048576K
}
Event: 7553.916 GC heap before
{Heap before GC invocations=824 (full 3):
 PSYoungGen      total 3584K, used 3139K [0x00000000d5580000, 0x00000000d6080000, 0x0000000100000000)
  eden space 2048K, 78% used [0x00000000d5580000,0x00000000d5711860,0x00000000d5780000)
  from space 1536K, 99% used [0x00000000d5f00000,0x00000000d607f768,0x00000000d6080000)
  to   space 2560K, 0% used [0x00000000d5b80000,0x00000000d5b80000,0x00000000d5e00000)
 ParOldGen       total 992256K, used 991964K [0x0000000080000000, 0x00000000bc900000, 0x00000000d5580000)
  object space 992256K, 99% used [0x0000000080000000,0x00000000bc8b70a0,0x00000000bc900000)
 Metaspace       used 87302K, committed 89024K, reserved 1179648K
  class space    used 9033K, committed 9728K, reserved 1048576K
}
Event: 7553.919 GC heap after
{Heap after GC invocations=824 (full 3):
 PSYoungGen      total 4608K, used 1766K [0x00000000d5580000, 0x00000000d5f80000, 0x0000000100000000)
  eden space 2560K, 0% used [0x00000000d5580000,0x00000000d5580000,0x00000000d5800000)
  from space 2048K, 86% used [0x00000000d5b80000,0x00000000d5d39b60,0x00000000d5d80000)
  to   space 2048K, 0% used [0x00000000d5d80000,0x00000000d5d80000,0x00000000d5f80000)
 ParOldGen       total 993792K, used 993471K [0x0000000080000000, 0x00000000bca80000, 0x00000000d5580000)
  object space 993792K, 99% used [0x0000000080000000,0x00000000bca2fd80,0x00000000bca80000)
 Metaspace       used 87302K, committed 89024K, reserved 1179648K
  class space    used 9033K, committed 9728K, reserved 1048576K
}
Event: 7553.925 GC heap before
{Heap before GC invocations=825 (full 3):
 PSYoungGen      total 4608K, used 4326K [0x00000000d5580000, 0x00000000d5f80000, 0x0000000100000000)
  eden space 2560K, 100% used [0x00000000d5580000,0x00000000d5800000,0x00000000d5800000)
  from space 2048K, 86% used [0x00000000d5b80000,0x00000000d5d39b60,0x00000000d5d80000)
  to   space 2048K, 0% used [0x00000000d5d80000,0x00000000d5d80000,0x00000000d5f80000)
 ParOldGen       total 993792K, used 993471K [0x0000000080000000, 0x00000000bca80000, 0x00000000d5580000)
  object space 993792K, 99% used [0x0000000080000000,0x00000000bca2fd80,0x00000000bca80000)
 Metaspace       used 87302K, committed 89024K, reserved 1179648K
  class space    used 9033K, committed 9728K, reserved 1048576K
}
Event: 7553.929 GC heap after
{Heap after GC invocations=825 (full 3):
 PSYoungGen      total 4608K, used 1350K [0x00000000d5580000, 0x00000000d5f00000, 0x0000000100000000)
  eden space 3072K, 0% used [0x00000000d5580000,0x00000000d5580000,0x00000000d5880000)
  from space 1536K, 87% used [0x00000000d5d80000,0x00000000d5ed1960,0x00000000d5f00000)
  to   space 1536K, 0% used [0x00000000d5c00000,0x00000000d5c00000,0x00000000d5d80000)
 ParOldGen       total 996352K, used 995624K [0x0000000080000000, 0x00000000bcd00000, 0x00000000d5580000)
  object space 996352K, 99% used [0x0000000080000000,0x00000000bcc4a030,0x00000000bcd00000)
 Metaspace       used 87302K, committed 89024K, reserved 1179648K
  class space    used 9033K, committed 9728K, reserved 1048576K
}
Event: 7553.996 GC heap before
{Heap before GC invocations=826 (full 3):
 PSYoungGen      total 4608K, used 4422K [0x00000000d5580000, 0x00000000d5f00000, 0x0000000100000000)
  eden space 3072K, 100% used [0x00000000d5580000,0x00000000d5880000,0x00000000d5880000)
  from space 1536K, 87% used [0x00000000d5d80000,0x00000000d5ed1960,0x00000000d5f00000)
  to   space 1536K, 0% used [0x00000000d5c00000,0x00000000d5c00000,0x00000000d5d80000)
 ParOldGen       total 1028096K, used 1026344K [0x0000000080000000, 0x00000000bec00000, 0x00000000d5580000)
  object space 1028096K, 99% used [0x0000000080000000,0x00000000bea4a060,0x00000000bec00000)
 Metaspace       used 87325K, committed 89024K, reserved 1179648K
  class space    used 9033K, committed 9728K, reserved 1048576K
}
Event: 7553.999 GC heap after
{Heap after GC invocations=826 (full 3):
 PSYoungGen      total 5120K, used 640K [0x00000000d5580000, 0x00000000d5e00000, 0x0000000100000000)
  eden space 4096K, 0% used [0x00000000d5580000,0x00000000d5580000,0x00000000d5980000)
  from space 1024K, 62% used [0x00000000d5c00000,0x00000000d5ca0000,0x00000000d5d00000)
  to   space 1024K, 0% used [0x00000000d5d00000,0x00000000d5d00000,0x00000000d5e00000)
 ParOldGen       total 1028096K, used 1027477K [0x0000000080000000, 0x00000000bec00000, 0x00000000d5580000)
  object space 1028096K, 99% used [0x0000000080000000,0x00000000beb65600,0x00000000bec00000)
 Metaspace       used 87325K, committed 89024K, reserved 1179648K
  class space    used 9033K, committed 9728K, reserved 1048576K
}
Event: 7554.078 GC heap before
{Heap before GC invocations=827 (full 3):
 PSYoungGen      total 5120K, used 4736K [0x00000000d5580000, 0x00000000d5e00000, 0x0000000100000000)
  eden space 4096K, 100% used [0x00000000d5580000,0x00000000d5980000,0x00000000d5980000)
  from space 1024K, 62% used [0x00000000d5c00000,0x00000000d5ca0000,0x00000000d5d00000)
  to   space 1024K, 0% used [0x00000000d5d00000,0x00000000d5d00000,0x00000000d5e00000)
 ParOldGen       total 1028096K, used 1027477K [0x0000000080000000, 0x00000000bec00000, 0x00000000d5580000)
  object space 1028096K, 99% used [0x0000000080000000,0x00000000beb65600,0x00000000bec00000)
 Metaspace       used 87325K, committed 89024K, reserved 1179648K
  class space    used 9033K, committed 9728K, reserved 1048576K
}
Event: 7554.080 GC heap after
{Heap after GC invocations=827 (full 3):
 PSYoungGen      total 5632K, used 416K [0x00000000d5580000, 0x00000000d5d80000, 0x0000000100000000)
  eden space 5120K, 0% used [0x00000000d5580000,0x00000000d5580000,0x00000000d5a80000)
  from space 512K, 81% used [0x00000000d5d00000,0x00000000d5d68000,0x00000000d5d80000)
  to   space 1024K, 0% used [0x00000000d5b80000,0x00000000d5b80000,0x00000000d5c80000)
 ParOldGen       total 1028096K, used 1028024K [0x0000000080000000, 0x00000000bec00000, 0x00000000d5580000)
  object space 1028096K, 99% used [0x0000000080000000,0x00000000bebee310,0x00000000bec00000)
 Metaspace       used 87325K, committed 89024K, reserved 1179648K
  class space    used 9033K, committed 9728K, reserved 1048576K
}

Dll operation events (12 events):
Event: 0.014 Loaded shared library c:\Users\Lenovo\.vscode\extensions\redhat.java-1.50.0-win32-x64\jre\21.0.9-win32-x86_64\bin\java.dll
Event: 0.137 Loaded shared library c:\Users\Lenovo\.vscode\extensions\redhat.java-1.50.0-win32-x64\jre\21.0.9-win32-x86_64\bin\zip.dll
Event: 0.173 Loaded shared library C:\Users\Lenovo\.vscode\extensions\redhat.java-1.50.0-win32-x64\jre\21.0.9-win32-x86_64\bin\instrument.dll
Event: 0.181 Loaded shared library C:\Users\Lenovo\.vscode\extensions\redhat.java-1.50.0-win32-x64\jre\21.0.9-win32-x86_64\bin\net.dll
Event: 0.184 Loaded shared library C:\Users\Lenovo\.vscode\extensions\redhat.java-1.50.0-win32-x64\jre\21.0.9-win32-x86_64\bin\nio.dll
Event: 0.191 Loaded shared library C:\Users\Lenovo\.vscode\extensions\redhat.java-1.50.0-win32-x64\jre\21.0.9-win32-x86_64\bin\zip.dll
Event: 0.221 Loaded shared library C:\Users\Lenovo\.vscode\extensions\redhat.java-1.50.0-win32-x64\jre\21.0.9-win32-x86_64\bin\jimage.dll
Event: 0.354 Loaded shared library c:\Users\Lenovo\.vscode\extensions\redhat.java-1.50.0-win32-x64\jre\21.0.9-win32-x86_64\bin\verify.dll
Event: 9.236 Loaded shared library C:\Users\Lenovo\AppData\Roaming\Code\User\globalStorage\redhat.java\1.50.0\config_win\org.eclipse.equinox.launcher\org.eclipse.equinox.launcher.win32.win32.x86_64_1.2.1400.v20250801-0854\eclipse_11916.dll
Event: 26.599 Loaded shared library C:\Users\Lenovo\AppData\Local\Temp\jna--2022488749\jna3486233583357081274.dll
Event: 1016.534 Loaded shared library C:\Users\Lenovo\.vscode\extensions\redhat.java-1.50.0-win32-x64\jre\21.0.9-win32-x86_64\bin\sunmscapi.dll
Event: 1016.831 Loaded shared library C:\Users\Lenovo\.vscode\extensions\redhat.java-1.50.0-win32-x64\jre\21.0.9-win32-x86_64\bin\extnet.dll

Deoptimization events (20 events):
Event: 7538.855 Thread 0x00000290fa58b870 Uncommon trap: trap_request=0xffffffbe fr.pc=0x00000290edd2765c relative=0x00000000000012bc
Event: 7538.855 Thread 0x00000290fa58b870 Uncommon trap: reason=profile_predicate action=maybe_recompile pc=0x00000290edd2765c method=org.eclipse.jdt.internal.compiler.lookup.SplitPackageBinding.combineWithSiblings(Lorg/eclipse/jdt/internal/compiler/lookup/PackageBinding;[CLorg/eclipse/jdt/intern
Event: 7538.855 Thread 0x00000290fa58b870 DEOPT PACKING pc=0x00000290edd2765c sp=0x000000bfa15fe480
Event: 7538.855 Thread 0x00000290fa58b870 DEOPT UNPACKING pc=0x00000290ec523aa2 sp=0x000000bfa15fe438 mode 2
Event: 7538.856 Thread 0x00000290fa58b870 Uncommon trap: trap_request=0xffffffbe fr.pc=0x00000290edd2765c relative=0x00000000000012bc
Event: 7538.856 Thread 0x00000290fa58b870 Uncommon trap: reason=profile_predicate action=maybe_recompile pc=0x00000290edd2765c method=org.eclipse.jdt.internal.compiler.lookup.SplitPackageBinding.combineWithSiblings(Lorg/eclipse/jdt/internal/compiler/lookup/PackageBinding;[CLorg/eclipse/jdt/intern
Event: 7538.856 Thread 0x00000290fa58b870 DEOPT PACKING pc=0x00000290edd2765c sp=0x000000bfa15fe290
Event: 7538.856 Thread 0x00000290fa58b870 DEOPT UNPACKING pc=0x00000290ec523aa2 sp=0x000000bfa15fe248 mode 2
Event: 7538.856 Thread 0x00000290fa58b870 Uncommon trap: trap_request=0xffffffbe fr.pc=0x00000290edd2765c relative=0x00000000000012bc
Event: 7538.856 Thread 0x00000290fa58b870 Uncommon trap: reason=profile_predicate action=maybe_recompile pc=0x00000290edd2765c method=org.eclipse.jdt.internal.compiler.lookup.SplitPackageBinding.combineWithSiblings(Lorg/eclipse/jdt/internal/compiler/lookup/PackageBinding;[CLorg/eclipse/jdt/intern
Event: 7538.856 Thread 0x00000290fa58b870 DEOPT PACKING pc=0x00000290edd2765c sp=0x000000bfa15fe290
Event: 7538.856 Thread 0x00000290fa58b870 DEOPT UNPACKING pc=0x00000290ec523aa2 sp=0x000000bfa15fe248 mode 2
Event: 7538.856 Thread 0x00000290fa58b870 Uncommon trap: trap_request=0xffffffbe fr.pc=0x00000290edd2765c relative=0x00000000000012bc
Event: 7538.856 Thread 0x00000290fa58b870 Uncommon trap: reason=profile_predicate action=maybe_recompile pc=0x00000290edd2765c method=org.eclipse.jdt.internal.compiler.lookup.SplitPackageBinding.combineWithSiblings(Lorg/eclipse/jdt/internal/compiler/lookup/PackageBinding;[CLorg/eclipse/jdt/intern
Event: 7538.856 Thread 0x00000290fa58b870 DEOPT PACKING pc=0x00000290edd2765c sp=0x000000bfa15fe290
Event: 7538.856 Thread 0x00000290fa58b870 DEOPT UNPACKING pc=0x00000290ec523aa2 sp=0x000000bfa15fe248 mode 2
Event: 7553.965 Thread 0x00000290ff490a90 Uncommon trap: trap_request=0xffffff45 fr.pc=0x00000290ed7e84a4 relative=0x0000000000000d04
Event: 7553.965 Thread 0x00000290ff490a90 Uncommon trap: reason=unstable_if action=reinterpret pc=0x00000290ed7e84a4 method=org.eclipse.jdt.internal.core.index.DiskIndex.readStreamChars(Ljava/io/InputStream;)[C @ 14 c2
Event: 7553.965 Thread 0x00000290ff490a90 DEOPT PACKING pc=0x00000290ed7e84a4 sp=0x000000bfa11feb00
Event: 7553.965 Thread 0x00000290ff490a90 DEOPT UNPACKING pc=0x00000290ec523aa2 sp=0x000000bfa11fea60 mode 2

Classes loaded (20 events):
Event: 3187.841 Loading class sun/nio/fs/WindowsFileCopy
Event: 3187.847 Loading class sun/nio/fs/WindowsFileCopy done
Event: 3187.859 Loading class jdk/internal/module/IllegalAccessLogger
Event: 3187.859 Loading class jdk/internal/module/IllegalAccessLogger done
Event: 3206.154 Loading class jdk/internal/module/IllegalAccessLogger
Event: 3206.154 Loading class jdk/internal/module/IllegalAccessLogger done
Event: 3224.433 Loading class jdk/internal/module/IllegalAccessLogger
Event: 3224.433 Loading class jdk/internal/module/IllegalAccessLogger done
Event: 3606.085 Loading class jdk/internal/module/IllegalAccessLogger
Event: 3606.085 Loading class jdk/internal/module/IllegalAccessLogger done
Event: 3612.087 Loading class jdk/internal/module/IllegalAccessLogger
Event: 3612.087 Loading class jdk/internal/module/IllegalAccessLogger done
Event: 6965.676 Loading class jdk/internal/module/IllegalAccessLogger
Event: 6965.676 Loading class jdk/internal/module/IllegalAccessLogger done
Event: 7509.971 Loading class jdk/internal/module/IllegalAccessLogger
Event: 7509.971 Loading class jdk/internal/module/IllegalAccessLogger done
Event: 7537.094 Loading class jdk/internal/module/IllegalAccessLogger
Event: 7537.094 Loading class jdk/internal/module/IllegalAccessLogger done
Event: 7553.923 Loading class jdk/internal/module/IllegalAccessLogger
Event: 7553.923 Loading class jdk/internal/module/IllegalAccessLogger done

Classes unloaded (11 events):
Event: 27.287 Thread 0x00000290e1cf14f0 Unloading class 0x00000290811a8c00 'java/lang/invoke/LambdaForm$MH+0x00000290811a8c00'
Event: 27.287 Thread 0x00000290e1cf14f0 Unloading class 0x00000290811a8800 'java/lang/invoke/LambdaForm$MH+0x00000290811a8800'
Event: 27.287 Thread 0x00000290e1cf14f0 Unloading class 0x00000290811a8400 'java/lang/invoke/LambdaForm$MH+0x00000290811a8400'
Event: 27.287 Thread 0x00000290e1cf14f0 Unloading class 0x00000290811a8000 'java/lang/invoke/LambdaForm$MH+0x00000290811a8000'
Event: 27.287 Thread 0x00000290e1cf14f0 Unloading class 0x00000290811a7c00 'java/lang/invoke/LambdaForm$BMH+0x00000290811a7c00'
Event: 27.287 Thread 0x00000290e1cf14f0 Unloading class 0x00000290811a7800 'java/lang/invoke/LambdaForm$DMH+0x00000290811a7800'
Event: 27.287 Thread 0x00000290e1cf14f0 Unloading class 0x00000290811a6400 'java/lang/invoke/LambdaForm$DMH+0x00000290811a6400'
Event: 38.043 Thread 0x00000290e1cf14f0 Unloading class 0x00000290816e5400 'java/lang/invoke/LambdaForm$DMH+0x00000290816e5400'
Event: 38.043 Thread 0x00000290e1cf14f0 Unloading class 0x00000290816e5000 'java/lang/invoke/LambdaForm$DMH+0x00000290816e5000'
Event: 38.043 Thread 0x00000290e1cf14f0 Unloading class 0x00000290816e4c00 'java/lang/invoke/LambdaForm$DMH+0x00000290816e4c00'
Event: 38.043 Thread 0x00000290e1cf14f0 Unloading class 0x00000290816e4800 'java/lang/invoke/LambdaForm$DMH+0x00000290816e4800'

Classes redefined (0 events):
No events

Internal exceptions (20 events):
Event: 7502.251 Thread 0x00000290fa58e660 Exception <a 'sun/nio/fs/WindowsException'{0x00000000d5884f08}> (0x00000000d5884f08) 
thrown [s\src\hotspot\share\prims\jni.cpp, line 520]
Event: 7502.251 Thread 0x00000290fa58e660 Exception <a 'sun/nio/fs/WindowsException'{0x00000000d5885708}> (0x00000000d5885708) 
thrown [s\src\hotspot\share\prims\jni.cpp, line 520]
Event: 7502.573 Thread 0x00000290fa58ecf0 Exception <a 'sun/nio/fs/WindowsException'{0x00000000d56b00e0}> (0x00000000d56b00e0) 
thrown [s\src\hotspot\share\prims\jni.cpp, line 520]
Event: 7502.573 Thread 0x00000290fa58ecf0 Exception <a 'sun/nio/fs/WindowsException'{0x00000000d56b0bb0}> (0x00000000d56b0bb0) 
thrown [s\src\hotspot\share\prims\jni.cpp, line 520]
Event: 7502.573 Thread 0x00000290fa58ecf0 Exception <a 'sun/nio/fs/WindowsException'{0x00000000d56b1d68}> (0x00000000d56b1d68) 
thrown [s\src\hotspot\share\prims\jni.cpp, line 520]
Event: 7502.573 Thread 0x00000290fa58ecf0 Exception <a 'sun/nio/fs/WindowsException'{0x00000000d56b2818}> (0x00000000d56b2818) 
thrown [s\src\hotspot\share\prims\jni.cpp, line 520]
Event: 7502.574 Thread 0x00000290fa58ecf0 Exception <a 'sun/nio/fs/WindowsException'{0x00000000d56b4400}> (0x00000000d56b4400) 
thrown [s\src\hotspot\share\prims\jni.cpp, line 520]
Event: 7502.574 Thread 0x00000290fa58ecf0 Exception <a 'sun/nio/fs/WindowsException'{0x00000000d56b4eb0}> (0x00000000d56b4eb0) 
thrown [s\src\hotspot\share\prims\jni.cpp, line 520]
Event: 7502.578 Thread 0x00000290fa58ecf0 Exception <a 'sun/nio/fs/WindowsException'{0x00000000d59a29c0}> (0x00000000d59a29c0) 
thrown [s\src\hotspot\share\prims\jni.cpp, line 520]
Event: 7502.578 Thread 0x00000290fa58ecf0 Exception <a 'sun/nio/fs/WindowsException'{0x00000000d59a3470}> (0x00000000d59a3470) 
thrown [s\src\hotspot\share\prims\jni.cpp, line 520]
Event: 7502.902 Thread 0x00000290fa58e660 Exception <a 'sun/nio/fs/WindowsException'{0x00000000d5bb9788}> (0x00000000d5bb9788) 
thrown [s\src\hotspot\share\prims\jni.cpp, line 520]
Event: 7502.902 Thread 0x00000290fa58e660 Exception <a 'sun/nio/fs/WindowsException'{0x00000000d5bb9f88}> (0x00000000d5bb9f88) 
thrown [s\src\hotspot\share\prims\jni.cpp, line 520]
Event: 7502.914 Thread 0x00000290fa58e660 Exception <a 'sun/nio/fs/WindowsException'{0x00000000d559e050}> (0x00000000d559e050) 
thrown [s\src\hotspot\share\prims\jni.cpp, line 520]
Event: 7502.914 Thread 0x00000290fa58e660 Exception <a 'sun/nio/fs/WindowsException'{0x00000000d559eb00}> (0x00000000d559eb00) 
thrown [s\src\hotspot\share\prims\jni.cpp, line 520]
Event: 7509.746 Thread 0x00000290ff490a90 Exception <a 'sun/nio/fs/WindowsException'{0x00000000d59f74e8}> (0x00000000d59f74e8) 
thrown [s\src\hotspot\share\prims\jni.cpp, line 520]
Event: 7510.204 Thread 0x00000290ff490a90 Exception <a 'sun/nio/fs/WindowsException'{0x00000000d57ebee0}> (0x00000000d57ebee0) 
thrown [s\src\hotspot\share\prims\jni.cpp, line 520]
Event: 7536.859 Thread 0x00000290ff490a90 Exception <a 'sun/nio/fs/WindowsException'{0x00000000d5aada50}> (0x00000000d5aada50) 
thrown [s\src\hotspot\share\prims\jni.cpp, line 520]
Event: 7537.126 Thread 0x00000290ff490a90 Exception <a 'sun/nio/fs/WindowsException'{0x00000000d5852b28}> (0x00000000d5852b28) 
thrown [s\src\hotspot\share\prims\jni.cpp, line 520]
Event: 7553.763 Thread 0x00000290ff490a90 Exception <a 'sun/nio/fs/WindowsException'{0x00000000d568f550}> (0x00000000d568f550) 
thrown [s\src\hotspot\share\prims\jni.cpp, line 520]
Event: 7553.962 Thread 0x00000290ff490a90 Exception <a 'sun/nio/fs/WindowsException'{0x00000000d55fcd40}> (0x00000000d55fcd40) 
thrown [s\src\hotspot\share\prims\jni.cpp, line 520]

ZGC Phase Switch (0 events):
No events

VM Operations (20 events):
Event: 7553.895 Executing VM operation: ParallelGCFailedAllocation (Allocation Failure)
Event: 7553.899 Executing VM operation: ParallelGCFailedAllocation (Allocation Failure) done
Event: 7553.901 Executing VM operation: ParallelGCFailedAllocation (Allocation Failure)
Event: 7553.903 Executing VM operation: ParallelGCFailedAllocation (Allocation Failure) done
Event: 7553.905 Executing VM operation: ParallelGCFailedAllocation (Allocation Failure)
Event: 7553.908 Executing VM operation: ParallelGCFailedAllocation (Allocation Failure) done
Event: 7553.911 Executing VM operation: ParallelGCFailedAllocation (Allocation Failure)
Event: 7553.913 Executing VM operation: ParallelGCFailedAllocation (Allocation Failure) done
Event: 7553.916 Executing VM operation: ParallelGCFailedAllocation (Allocation Failure)
Event: 7553.919 Executing VM operation: ParallelGCFailedAllocation (Allocation Failure) done
Event: 7553.925 Executing VM operation: ParallelGCFailedAllocation (Allocation Failure)
Event: 7553.929 Executing VM operation: ParallelGCFailedAllocation (Allocation Failure) done
Event: 7553.996 Executing VM operation: ParallelGCFailedAllocation (Allocation Failure)
Event: 7553.999 Executing VM operation: ParallelGCFailedAllocation (Allocation Failure) done
Event: 7554.078 Executing VM operation: ParallelGCFailedAllocation (Allocation Failure)
Event: 7554.080 Executing VM operation: ParallelGCFailedAllocation (Allocation Failure) done
Event: 7576.489 Executing VM operation: HandshakeAllThreads (HandshakeForDeflation)
Event: 7576.489 Executing VM operation: HandshakeAllThreads (HandshakeForDeflation) done
Event: 7576.489 Executing VM operation: RendezvousGCThreads
Event: 7576.489 Executing VM operation: RendezvousGCThreads done

Memory protections (0 events):
No events

Nmethod flushes (20 events):
Event: 38.063 Thread 0x00000290e1cf14f0 flushing  nmethod 0x00000290e57ef990
Event: 38.063 Thread 0x00000290e1cf14f0 flushing  nmethod 0x00000290e57f1790
Event: 38.063 Thread 0x00000290e1cf14f0 flushing  nmethod 0x00000290e57f1b10
Event: 38.063 Thread 0x00000290e1cf14f0 flushing  nmethod 0x00000290e5808b90
Event: 38.063 Thread 0x00000290e1cf14f0 flushing  nmethod 0x00000290e5809510
Event: 38.063 Thread 0x00000290e1cf14f0 flushing  nmethod 0x00000290e580d990
Event: 38.063 Thread 0x00000290e1cf14f0 flushing  nmethod 0x00000290e5810c10
Event: 38.063 Thread 0x00000290e1cf14f0 flushing  nmethod 0x00000290e581c510
Event: 38.063 Thread 0x00000290e1cf14f0 flushing  nmethod 0x00000290e5833d10
Event: 38.063 Thread 0x00000290e1cf14f0 flushing  nmethod 0x00000290e5835a10
Event: 38.063 Thread 0x00000290e1cf14f0 flushing  nmethod 0x00000290e5837990
Event: 38.063 Thread 0x00000290e1cf14f0 flushing  nmethod 0x00000290e5845410
Event: 38.063 Thread 0x00000290e1cf14f0 flushing  nmethod 0x00000290e5869690
Event: 38.063 Thread 0x00000290e1cf14f0 flushing  nmethod 0x00000290e58ba690
Event: 38.063 Thread 0x00000290e1cf14f0 flushing  nmethod 0x00000290e58cec10
Event: 38.063 Thread 0x00000290e1cf14f0 flushing  nmethod 0x00000290e58d0710
Event: 38.063 Thread 0x00000290e1cf14f0 flushing  nmethod 0x00000290e58d2010
Event: 38.063 Thread 0x00000290e1cf14f0 flushing  nmethod 0x00000290e58dd690
Event: 38.063 Thread 0x00000290e1cf14f0 flushing  nmethod 0x00000290e58de610
Event: 38.063 Thread 0x00000290e1cf14f0 flushing  nmethod 0x00000290e58e0c90

Events (20 events):
Event: 7502.238 Thread 0x00000290fa5897a0 Thread added: 0x00000290fa58b870
Event: 7502.737 Thread 0x00000290e1d4d600 Thread added: 0x00000290c3f74180
Event: 7503.237 Thread 0x00000290c3f74180 Thread exited: 0x00000290c3f74180
Event: 7509.843 Thread 0x00000290fa5897a0 Thread added: 0x00000290fa589e30
Event: 7509.850 Thread 0x00000290e1d4d600 Thread added: 0x00000290c3f77ed0
Event: 7509.850 Thread 0x00000290e1d4d600 Thread added: 0x00000290c3f74f20
Event: 7509.972 Thread 0x00000290fa5897a0 Thread added: 0x00000290fa58b1e0
Event: 7510.154 Thread 0x00000290c3f74f20 Thread exited: 0x00000290c3f74f20
Event: 7510.887 Thread 0x00000290c3f77ed0 Thread exited: 0x00000290c3f77ed0
Event: 7510.948 Thread 0x00000290e1d4d600 Thread added: 0x00000290c3f77130
Event: 7515.972 Thread 0x00000290c3f77130 Thread exited: 0x00000290c3f77130
Event: 7536.962 Thread 0x00000290e1d4d600 Thread added: 0x00000290c3f72d10
Event: 7537.047 Thread 0x00000290fa5897a0 Thread added: 0x00000290fa58bf00
Event: 7537.047 Thread 0x00000290fa5897a0 Thread added: 0x00000290c2a3fef0
Event: 7537.047 Thread 0x00000290fa5897a0 Thread added: 0x00000290c2a40580
Event: 7538.850 Thread 0x00000290c3f72d10 Thread exited: 0x00000290c3f72d10
Event: 7553.879 Thread 0x00000290fa58e660 Thread added: 0x00000290c2a40c10
Event: 7613.776 Thread 0x00000290fa58ecf0 Thread exited: 0x00000290fa58ecf0
Event: 7613.940 Thread 0x00000290fa58b1e0 Thread exited: 0x00000290fa58b1e0
Event: 7614.143 Thread 0x00000290fa58e660 Thread exited: 0x00000290fa58e660


Dynamic libraries:
0x00007ff6fc7e0000 - 0x00007ff6fc7ee000 	c:\Users\Lenovo\.vscode\extensions\redhat.java-1.50.0-win32-x64\jre\21.0.9-win32-x86_64\bin\java.exe
0x00007fff6f3d0000 - 0x00007fff6f5c8000 	C:\Windows\SYSTEM32\ntdll.dll
0x00007fff6d400000 - 0x00007fff6d4c2000 	C:\Windows\System32\KERNEL32.DLL
0x00007fff6d080000 - 0x00007fff6d376000 	C:\Windows\System32\KERNELBASE.dll
0x00007fff6cf80000 - 0x00007fff6d080000 	C:\Windows\System32\ucrtbase.dll
0x00007fff64860000 - 0x00007fff64878000 	c:\Users\Lenovo\.vscode\extensions\redhat.java-1.50.0-win32-x64\jre\21.0.9-win32-x86_64\bin\jli.dll
0x00007fff6df40000 - 0x00007fff6e0dd000 	C:\Windows\System32\USER32.dll
0x00007fff6ced0000 - 0x00007fff6cef2000 	C:\Windows\System32\win32u.dll
0x00007fff6dee0000 - 0x00007fff6df0b000 	C:\Windows\System32\GDI32.dll
0x00007fff6cd20000 - 0x00007fff6ce39000 	C:\Windows\System32\gdi32full.dll
0x00007fff6cc80000 - 0x00007fff6cd1d000 	C:\Windows\System32\msvcp_win.dll
0x00007fff5a360000 - 0x00007fff5a37e000 	c:\Users\Lenovo\.vscode\extensions\redhat.java-1.50.0-win32-x64\jre\21.0.9-win32-x86_64\bin\VCRUNTIME140.dll
0x00007fff57790000 - 0x00007fff57a2b000 	C:\Windows\WinSxS\amd64_microsoft.windows.common-controls_6595b64144ccf1df_6.0.19041.6280_none_60bc30a171f2f3f3\COMCTL32.dll
0x00007fff6f170000 - 0x00007fff6f20e000 	C:\Windows\System32\msvcrt.dll
0x00007fff6df10000 - 0x00007fff6df3f000 	C:\Windows\System32\IMM32.DLL
0x00007fff67fa0000 - 0x00007fff67fac000 	c:\Users\Lenovo\.vscode\extensions\redhat.java-1.50.0-win32-x64\jre\21.0.9-win32-x86_64\bin\vcruntime140_1.dll
0x00007fff45920000 - 0x00007fff459ad000 	c:\Users\Lenovo\.vscode\extensions\redhat.java-1.50.0-win32-x64\jre\21.0.9-win32-x86_64\bin\msvcp140.dll
0x00007fff27d10000 - 0x00007fff28ab0000 	c:\Users\Lenovo\.vscode\extensions\redhat.java-1.50.0-win32-x64\jre\21.0.9-win32-x86_64\bin\server\jvm.dll
0x00007fff6f0b0000 - 0x00007fff6f161000 	C:\Windows\System32\ADVAPI32.dll
0x00007fff6e130000 - 0x00007fff6e1cf000 	C:\Windows\System32\sechost.dll
0x00007fff6f270000 - 0x00007fff6f390000 	C:\Windows\System32\RPCRT4.dll
0x00007fff6d380000 - 0x00007fff6d3a7000 	C:\Windows\System32\bcrypt.dll
0x00007fff6d740000 - 0x00007fff6d7ab000 	C:\Windows\System32\WS2_32.dll
0x00007fff6bf70000 - 0x00007fff6bfbb000 	C:\Windows\SYSTEM32\POWRPROF.dll
0x00007fff604d0000 - 0x00007fff604f7000 	C:\Windows\SYSTEM32\WINMM.dll
0x00007fff66380000 - 0x00007fff6638a000 	C:\Windows\SYSTEM32\VERSION.dll
0x00007fff6be30000 - 0x00007fff6be42000 	C:\Windows\SYSTEM32\UMPDC.dll
0x00007fff6b250000 - 0x00007fff6b262000 	C:\Windows\SYSTEM32\kernel.appcore.dll
0x00007fff653e0000 - 0x00007fff653ea000 	c:\Users\Lenovo\.vscode\extensions\redhat.java-1.50.0-win32-x64\jre\21.0.9-win32-x86_64\bin\jimage.dll
0x00007fff5fb40000 - 0x00007fff5fd41000 	C:\Windows\SYSTEM32\DBGHELP.DLL
0x00007fff53960000 - 0x00007fff53994000 	C:\Windows\SYSTEM32\dbgcore.DLL
0x00007fff6ce40000 - 0x00007fff6cec2000 	C:\Windows\System32\bcryptPrimitives.dll
0x00007fff65850000 - 0x00007fff6585f000 	c:\Users\Lenovo\.vscode\extensions\redhat.java-1.50.0-win32-x64\jre\21.0.9-win32-x86_64\bin\instrument.dll
0x00007fff58360000 - 0x00007fff58380000 	c:\Users\Lenovo\.vscode\extensions\redhat.java-1.50.0-win32-x64\jre\21.0.9-win32-x86_64\bin\java.dll
0x00007fff6e1d0000 - 0x00007fff6e940000 	C:\Windows\System32\SHELL32.dll
0x00007fff6aa90000 - 0x00007fff6b235000 	C:\Windows\SYSTEM32\windows.storage.dll
0x00007fff6d7b0000 - 0x00007fff6db03000 	C:\Windows\System32\combase.dll
0x00007fff6c3c0000 - 0x00007fff6c3eb000 	C:\Windows\SYSTEM32\Wldp.dll
0x00007fff6d5b0000 - 0x00007fff6d67d000 	C:\Windows\System32\OLEAUT32.dll
0x00007fff6edb0000 - 0x00007fff6ee5d000 	C:\Windows\System32\SHCORE.dll
0x00007fff6d6e0000 - 0x00007fff6d73b000 	C:\Windows\System32\shlwapi.dll
0x00007fff6c9a0000 - 0x00007fff6c9c4000 	C:\Windows\SYSTEM32\profapi.dll
0x00007fff5a1e0000 - 0x00007fff5a1f8000 	c:\Users\Lenovo\.vscode\extensions\redhat.java-1.50.0-win32-x64\jre\21.0.9-win32-x86_64\bin\zip.dll
0x00007fff5f900000 - 0x00007fff5f910000 	C:\Users\Lenovo\.vscode\extensions\redhat.java-1.50.0-win32-x64\jre\21.0.9-win32-x86_64\bin\net.dll
0x00007fff6a300000 - 0x00007fff6a40a000 	C:\Windows\SYSTEM32\WINHTTP.dll
0x00007fff6c1a0000 - 0x00007fff6c20a000 	C:\Windows\system32\mswsock.dll
0x00007fff51490000 - 0x00007fff514a6000 	C:\Users\Lenovo\.vscode\extensions\redhat.java-1.50.0-win32-x64\jre\21.0.9-win32-x86_64\bin\nio.dll
0x00007fff567d0000 - 0x00007fff567e0000 	c:\Users\Lenovo\.vscode\extensions\redhat.java-1.50.0-win32-x64\jre\21.0.9-win32-x86_64\bin\verify.dll
0x00007fff4eb00000 - 0x00007fff4eb44000 	C:\Users\Lenovo\AppData\Roaming\Code\User\globalStorage\redhat.java\1.50.0\config_win\org.eclipse.equinox.launcher\org.eclipse.equinox.launcher.win32.win32.x86_64_1.2.1400.v20250801-0854\eclipse_11916.dll
0x00007fff6ee60000 - 0x00007fff6ef8b000 	C:\Windows\System32\ole32.dll
0x00007fff6c400000 - 0x00007fff6c418000 	C:\Windows\SYSTEM32\CRYPTSP.dll
0x00007fff6ba70000 - 0x00007fff6baa8000 	C:\Windows\system32\rsaenh.dll
0x00007fff6c920000 - 0x00007fff6c94e000 	C:\Windows\SYSTEM32\USERENV.dll
0x00007fff6c330000 - 0x00007fff6c33c000 	C:\Windows\SYSTEM32\CRYPTBASE.dll
0x00007fff6be50000 - 0x00007fff6be8b000 	C:\Windows\SYSTEM32\IPHLPAPI.DLL
0x00007fff6e100000 - 0x00007fff6e108000 	C:\Windows\System32\NSI.dll
0x00007fff48fa0000 - 0x00007fff48fe9000 	C:\Users\Lenovo\AppData\Local\Temp\jna--2022488749\jna3486233583357081274.dll
0x00007fff6e110000 - 0x00007fff6e118000 	C:\Windows\System32\PSAPI.DLL
0x00007fff65470000 - 0x00007fff65487000 	C:\Windows\SYSTEM32\dhcpcsvc6.DLL
0x00007fff65350000 - 0x00007fff6536d000 	C:\Windows\SYSTEM32\dhcpcsvc.DLL
0x00007fff68200000 - 0x00007fff6820e000 	C:\Users\Lenovo\.vscode\extensions\redhat.java-1.50.0-win32-x64\jre\21.0.9-win32-x86_64\bin\sunmscapi.dll
0x00007fff6ca70000 - 0x00007fff6cbcd000 	C:\Windows\System32\CRYPT32.dll
0x00007fff6c510000 - 0x00007fff6c537000 	C:\Windows\SYSTEM32\ncrypt.dll
0x00007fff6c4d0000 - 0x00007fff6c50b000 	C:\Windows\SYSTEM32\NTASN1.dll
0x00007fff68d90000 - 0x00007fff68d97000 	C:\Windows\system32\wshunix.dll
0x00007fff681f0000 - 0x00007fff681f9000 	C:\Users\Lenovo\.vscode\extensions\redhat.java-1.50.0-win32-x64\jre\21.0.9-win32-x86_64\bin\extnet.dll
0x00007fff6be90000 - 0x00007fff6bf5a000 	C:\Windows\SYSTEM32\DNSAPI.dll
0x00007fff61d70000 - 0x00007fff61d7a000 	C:\Windows\System32\rasadhlp.dll
0x00007fff64c30000 - 0x00007fff64cb0000 	C:\Windows\System32\fwpuclnt.dll

JVMTI agents:
c:\Users\Lenovo\.vscode\extensions\redhat.java-1.50.0-win32-x64\lombok\lombok-1.18.39-4050.jar path:c:\Users\Lenovo\.vscode\extensions\redhat.java-1.50.0-win32-x64\jre\21.0.9-win32-x86_64\bin\instrument.dll, loaded, initialized, instrumentlib options:none

dbghelp: loaded successfully - version: 4.0.5 - missing functions: none
symbol engine: initialized successfully - sym options: 0x614 - pdb path: .;c:\Users\Lenovo\.vscode\extensions\redhat.java-1.50.0-win32-x64\jre\21.0.9-win32-x86_64\bin;C:\Windows\SYSTEM32;C:\Windows\WinSxS\amd64_microsoft.windows.common-controls_6595b64144ccf1df_6.0.19041.6280_none_60bc30a171f2f3f3;c:\Users\Lenovo\.vscode\extensions\redhat.java-1.50.0-win32-x64\jre\21.0.9-win32-x86_64\bin\server;C:\Users\Lenovo\AppData\Roaming\Code\User\globalStorage\redhat.java\1.50.0\config_win\org.eclipse.equinox.launcher\org.eclipse.equinox.launcher.win32.win32.x86_64_1.2.1400.v20250801-0854;C:\Users\Lenovo\AppData\Local\Temp\jna--2022488749

VM Arguments:
jvm_args: --add-modules=ALL-SYSTEM --add-opens=java.base/java.util=ALL-UNNAMED --add-opens=java.base/java.lang=ALL-UNNAMED --add-opens=java.base/sun.nio.fs=ALL-UNNAMED -Declipse.application=org.eclipse.jdt.ls.core.id1 -Dosgi.bundles.defaultStartLevel=4 -Declipse.product=org.eclipse.jdt.ls.core.product -Djava.import.generatesMetadataFilesAtProjectRoot=false -DDetectVMInstallationsJob.disabled=true -Dfile.encoding=utf8 -XX:+UseParallelGC -XX:GCTimeRatio=4 -XX:AdaptiveSizePolicyWeight=90 -Dsun.zip.disableMemoryMapping=true -Xmx2G -Xms100m -Xlog:disable -javaagent:c:\Users\Lenovo\.vscode\extensions\redhat.java-1.50.0-win32-x64\lombok\lombok-1.18.39-4050.jar -XX:+HeapDumpOnOutOfMemoryError -XX:HeapDumpPath=c:\Users\Lenovo\AppData\Roaming\Code\User\workspaceStorage\16f0f6972973bb37bae18bf337a635ed\redhat.java -Daether.dependencyCollector.impl=bf 
java_command: c:\Users\Lenovo\.vscode\extensions\redhat.java-1.50.0-win32-x64\server\plugins\org.eclipse.equinox.launcher_1.7.100.v20251111-0406.jar -configuration c:\Users\Lenovo\AppData\Roaming\Code\User\globalStorage\redhat.java\1.50.0\config_win -data c:\Users\Lenovo\AppData\Roaming\Code\User\workspaceStorage\16f0f6972973bb37bae18bf337a635ed\redhat.java\jdt_ws --pipe=\\.\pipe\lsp-7215a1b59a82289a4aea57c35d832836-sock
java_class_path (initial): c:\Users\Lenovo\.vscode\extensions\redhat.java-1.50.0-win32-x64\server\plugins\org.eclipse.equinox.launcher_1.7.100.v20251111-0406.jar
Launcher Type: SUN_STANDARD

[Global flags]
    uintx AdaptiveSizePolicyWeight                 = 90                                        {product} {command line}
     intx CICompilerCount                          = 4                                         {product} {ergonomic}
    uintx GCTimeRatio                              = 4                                         {product} {command line}
     bool HeapDumpOnOutOfMemoryError               = true                                   {manageable} {command line}
    ccstr HeapDumpPath                             = c:\Users\Lenovo\AppData\Roaming\Code\User\workspaceStorage\16f0f6972973bb37bae18bf337a635ed\redhat.java         {manageable} {command line}
   size_t InitialHeapSize                          = 104857600                                 {product} {command line}
   size_t MaxHeapSize                              = 2147483648                                {product} {command line}
   size_t MaxNewSize                               = 715653120                                 {product} {ergonomic}
   size_t MinHeapDeltaBytes                        = 524288                                    {product} {ergonomic}
   size_t MinHeapSize                              = 104857600                                 {product} {command line}
   size_t NewSize                                  = 34603008                                  {product} {ergonomic}
    uintx NonNMethodCodeHeapSize                   = 5839372                                {pd product} {ergonomic}
    uintx NonProfiledCodeHeapSize                  = 122909434                              {pd product} {ergonomic}
   size_t OldSize                                  = 70254592                                  {product} {ergonomic}
    uintx ProfiledCodeHeapSize                     = 122909434                              {pd product} {ergonomic}
    uintx ReservedCodeCacheSize                    = 251658240                              {pd product} {ergonomic}
     bool SegmentedCodeCache                       = true                                      {product} {ergonomic}
   size_t SoftMaxHeapSize                          = 2147483648                             {manageable} {ergonomic}
     bool UseCompressedOops                        = true                           {product lp64_product} {ergonomic}
     bool UseLargePagesIndividualAllocation        = false                                  {pd product} {ergonomic}
     bool UseParallelGC                            = true                                      {product} {command line}

Logging:
Log output configuration:
 #0: stdout all=off uptime,level,tags foldmultilines=false
 #1: stderr all=off uptime,level,tags foldmultilines=false

Release file:
JAVA_VERSION="21.0.9" 
MODULES="java.base java.compiler java.datatransfer java.xml java.prefs java.desktop java.instrument java.logging java.management java.security.sasl java.naming java.rmi java.management.rmi java.net.http java.scripting java.security.jgss java.transaction.xa java.sql java.sql.rowset java.xml.crypto java.se java.smartcardio jdk.accessibility jdk.internal.jvmstat jdk.attach jdk.charsets jdk.internal.opt jdk.zipfs jdk.compiler jdk.crypto.ec jdk.crypto.cryptoki jdk.crypto.mscapi jdk.dynalink jdk.internal.ed jdk.editpad jdk.hotspot.agent jdk.httpserver jdk.internal.le jdk.internal.vm.ci jdk.internal.vm.compiler jdk.internal.vm.compiler.management jdk.jartool jdk.javadoc jdk.jcmd jdk.management jdk.management.agent jdk.jconsole jdk.jdeps jdk.jdwp.agent jdk.jdi jdk.jfr jdk.jshell jdk.jsobject jdk.jstatd jdk.localedata jdk.management.jfr jdk.naming.dns jdk.naming.rmi jdk.net jdk.nio.mapmode jdk.random jdk.sctp jdk.security.auth jdk.security.jgss jdk.unsupported jdk.unsupported.desktop jdk.xml.dom" 

Environment Variables:
JAVA_HOME=C:\Users\Lenovo\AppData\Local\Programs\Eclipse Adoptium\jdk-21.0.5.11-hotspot
PATH=C:\Windows\system32;C:\Windows;C:\Windows\System32\Wbem;C:\Windows\System32\WindowsPowerShell\v1.0\;C:\Windows\System32\OpenSSH\;c:\Program Files (x86)\Intel\Intel(R) Management Engine Components\DAL;c:\Program Files\Intel\Intel(R) Management Engine Components\DAL;C:\MinGW\bin;C:\Users\Lenovo\Downloads\mingw64\lib\python3.9;C:\Program Files (x86)\Microsoft SQL Server\160\DTS\Binn\;C:\Program Files\Git\cmd;C:\Program Files\nodejs\;C:\Users\Lenovo\AppData\Local\Programs\Eclipse Adoptium\jdk-21.0.5.11-hotspot\bin;C:\Program Files\Common Files\Oracle\Java\javapath\java.exe;C:\Program Files\Java\jdk-17.0.x\bin\java.exe;C:\Users\Lenovo\AppData\Local\Android\Sdk\platform-tools;C:\Users\Lenovo\AppData\Local\Programs\Python\Python313\;;C:\Program Files\Docker\Docker\resources\bin;C:\Users\Lenovo\AppData\Local\Programs\Python\Python312\Scripts\;C:\Users\Lenovo\AppData\Local\Programs\Python\Python312\;D:\Game\Cheat_engine\Ruby\bin;C:\Program Files (x86)\Common Files\Oracle\Java\javapath;C:\Windows\system32;C:\Windows;C:\Windows\System32\Wbem;C:\Windows\System32\WindowsPowerShell\v1.0\;C:\Windows\System32\OpenSSH\;c:\Program Files (x86)\Intel\Intel(R) Management Engine Components\DAL;c:\Program Files\Intel\Intel(R) Management Engine Components\DAL;C:\MinGW\bin;C:\Users\Lenovo\Downloads\mingw64\lib\python3.9;C:\Program Files (x86)\Microsoft SQL Server\160\DTS\Binn\;C:\Program Files\Docker\Docker\resources\bin;C:\Users\Lenovo\AppData\Local\Programs\Python\Launcher\;C:\Users\Lenovo\AppData\Local\Programs\Eclipse Adoptium\jdk-21.0.5.11-hotspot\bin;C:\Users\Lenovo\AppData\Local\Microsoft\WindowsApps;C:\Users\Lenovo\AppData\Local\Programs\Microsoft VS Code\bin;C:\msys64\ucrt64\bin;C:\Users\Lenovo\AppData\Local\JetBrains\IntelliJ IDEA 2024.2.4\bin;;C:\Users\Lenovo;;C:\Users\Lenovo\AppData\Local\Programs\Python\Python313\Scripts;C:\Program Files\JetBrains\IntelliJ IDEA 2024.2.4\bin;;C:\Users\Lenovo\AppData\Roaming\npm;C:\Users\Lenovo\AppData\Local\Programs\Antigravity\bin
USERNAME=Lenovo
OS=Windows_NT
PROCESSOR_IDENTIFIER=Intel64 Family 6 Model 158 Stepping 9, GenuineIntel
TMP=C:\Users\Lenovo\AppData\Local\Temp
TEMP=C:\Users\Lenovo\AppData\Local\Temp




Periodic native trim disabled

---------------  S Y S T E M  ---------------

OS:
 Windows 10 , 64 bit Build 19041 (10.0.19041.5915)
OS uptime: 0 days 2:49 hours
Hyper-V role detected

CPU: total 8 (initial active 8) (4 cores per cpu, 2 threads per core) family 6 model 158 stepping 9 microcode 0xf4, cx8, cmov, fxsr, ht, mmx, 3dnowpref, sse, sse2, sse3, ssse3, sse4.1, sse4.2, popcnt, lzcnt, tsc, tscinvbit, avx, avx2, aes, erms, clmul, bmi1, bmi2, adx, fma, vzeroupper, clflush, clflushopt, hv, rdtscp, f16c
Processor Information for the first 8 processors :
  Max Mhz: 2808, Current Mhz: 2808, Mhz Limit: 2808

Memory: 4k page, system-wide physical 16207M (1778M free)
TotalPageFile size 20303M (AvailPageFile size 0M)
current process WorkingSet (physical memory assigned to process): 669M, peak: 670M
current process commit charge ("private bytes"): 1383M, peak: 1385M

vm_info: OpenJDK 64-Bit Server VM (21.0.9+10-LTS) for windows-amd64 JRE (21.0.9+10-LTS), built on 2025-10-21T00:00:00Z by "admin" with unknown MS VC++:1942

END.
